# LuCi app's
luci
luci-app-modeminfo
luci-app-atinout
luci-app-mmconfig
luci-app-smstools3
luci-app-3proxy
luci-app-pingcontrol
luci-proto-modemmanager
luci-proto-ncm
luci-proto-xmm
luci-app-ttyd
luci-app-ttl
luci-app-telegrambot
luci-proto-wireguard
luci-app-openvpn
# LuCi themes
luci-theme-lightblue
# modem app
modeminfo-qmi
modeminfo-serial-quectel
modeminfo-serial-simcom
modeminfo-serial-sierra
modeminfo-serial-telit
modeminfo-serial-dell
modeminfo-serial-fibocom
modeminfo-serial-xmm
modeminfo-serial-gosun
modeminfo-serial-yuge
modeminfo-serial-tw
modeminfo-serial-meig
xmm-modem
usbutils
qmi-utils
# app's
ipset
whois
ethstatus
6in4
e2fsprogs
tcpdump
htop
mtr
# VPN
wireguard-tools
openvpn-openssl
openvpn-dns-hotplug
# kernel mod's
kmod-usb-serial-qualcomm
kmod-usb-serial-option
kmod-usb-net-cdc-ether
kmod-usb-net-huawei-cdc-ncm
kmod-usb-acm
kmod-usb-net-qmi-wwan
kmod-usb-net-cdc-mbim
kmod-ipt-ipopt
kmod-usb-storage
# iptables 
iptables-mod-ipopt
# wireless
wpad-basic-openssl
# libraries
lib3proxy
libustream-openssl20201210
# MMC support
kmod-fs-ext4
kmod-fs-vfat
block-mount
cfdisk
# removed pkgs. Curl must be build with openssl library
-wpad-basic-wolfssl
-libustream-wolfssl
-libustream-wolfssl20201210
-libwolfssl5.5.3.99a5b54a

