# LuCi app's
luci
luci-app-modeminfo
luci-app-atinout
luci-app-mmconfig
luci-app-smstools3
luci-app-3proxy
luci-app-pingcontrol
luci-proto-modemmanager
luci-app-ttyd
luci-app-telegrambot
luci-proto-wireguard
luci-app-openvpn
# LuCi themes
luci-theme-lightblue
# modem app
modeminfo-qmi
modeminfo-serial-quectel
modeminfo-serial-simcom
modeminfo-serial-telit
modeminfo-serial-dell
modeminfo-serial-fibocom
modeminfo-serial-xmm
xmm-modem
usbutils
qmi-utils
# app's
ipset
whois
ethstatus
speedtestpp
6in4
e2fsprogs
tcpdump
htop
# VPN
wireguard-tools
openvpn-openssl
openvpn-dns-hotplug
# kernel mod's
kmod-usb-serial-qualcomm
kmod-usb-serial-option
kmod-usb-net-cdc-ether
kmod-usb-acm
kmod-usb-net-qmi-wwan
kmod-usb-net-cdc-mbim
kmod-ipt-ipopt
# iptables 
iptables-mod-ipopt
iptables-mod-ndpi
# libraries
lib3proxy
# MMC support
kmod-fs-ext4
kmod-fs-vfat
block-mount
cfdisk
# NAT64
totd
kmod-nat64
# nDPI
kmod-ipt-ndpi
