# LuCi app's
luci
luci-app-modeminfo
luci-app-smstools3
luci-app-atinout
luci-app-3proxy
luci-app-openvpn
luci-proto-ncm
luci-proto-mbim
luci-proto-3g
luci-proto-qmi
luci-proto-xmm
# LuCi themes
luci-theme-lightblue
# modem app
modeminfo-serial-quectel
modeminfo-serial-simcom
modeminfo-serial-sierra
modeminfo-serial-telit
modeminfo-serial-dell
modeminfo-serial-fibocom
modeminfo-serial-huawei
modeminfo-serial-xmm
modeminfo-serial-gosun
openvpn-openssl
xl2tpd
xmm-modem
# kernel mod's
kmod-usb-serial-qualcomm
kmod-usb-serial-option
kmod-usb-net-cdc-ether
kmod-usb-acm
kmod-usb-net-huawei-cdc-ncm
kmod-usb-net-qmi-wwan
kmod-usb-net-cdc-mbim
kmod-ipt-ipopt
kmod-usb2
kmod-ipt-ipopt
kmod-l2tp
kmod-l2tp-eth
kmod-l2tp-ip
kmod-pppol2tp
kmod-pptp
kmod-nf-nathelper-extra
# PPP
ppp-mod-pptp
# iptables 
iptables-mod-ipopt

